# JRE version: OpenJDK Runtime Environment (8.0_152-b01) (build 1.8.0_152-release-1024-b01)
# Java VM: OpenJDK 64-Bit Server VM (25.152-b01 mixed mode linux-amd64 compressed oops)
Heap:
 PSYoungGen      total 216576K, used 0K [0x00000000e0000000, 0x00000000f3180000, 0x0000000100000000)
  eden space 170496K, 0% used [0x00000000e0000000,0x00000000e0000000,0x00000000ea680000)
  from space 46080K, 0% used [0x00000000ea680000,0x00000000ea680000,0x00000000ed380000)
  to   space 46592K, 0% used [0x00000000f0400000,0x00000000f0400000,0x00000000f3180000)
 ParOldGen       total 147968K, used 143120K [0x00000000a0000000, 0x00000000a9080000, 0x00000000e0000000)
  object space 147968K, 96% used [0x00000000a0000000,0x00000000a8bc4358,0x00000000a9080000)
 Metaspace       used 75654K, capacity 78664K, committed 78976K, reserved 1118208K
  class space    used 10101K, capacity 10833K, committed 10880K, reserved 1048576K
GC Heap History (10 events):
Event: 80.456 GC heap after
Heap after GC invocations=20 (full 3):
 PSYoungGen      total 146944K, used 13307K [0x00000000e0000000, 0x00000000eb580000, 0x0000000100000000)
  eden space 133632K, 0% used [0x00000000e0000000,0x00000000e0000000,0x00000000e8280000)
  from space 13312K, 99% used [0x00000000e8280000,0x00000000e8f7ece8,0x00000000e8f80000)
  to   space 16384K, 0% used [0x00000000ea580000,0x00000000ea580000,0x00000000eb580000)
 ParOldGen       total 147456K, used 47547K [0x00000000a0000000, 0x00000000a9000000, 0x00000000e0000000)
  object space 147456K, 32% used [0x00000000a0000000,0x00000000a2e6ee48,0x00000000a9000000)
 Metaspace       used 67464K, capacity 69666K, committed 69888K, reserved 1110016K
  class space    used 9025K, capacity 9644K, committed 9728K, reserved 1048576K
}
Event: 85.802 GC heap before
{Heap before GC invocations=21 (full 3):
 PSYoungGen      total 146944K, used 146939K [0x00000000e0000000, 0x00000000eb580000, 0x0000000100000000)
  eden space 133632K, 100% used [0x00000000e0000000,0x00000000e8280000,0x00000000e8280000)
  from space 13312K, 99% used [0x00000000e8280000,0x00000000e8f7ece8,0x00000000e8f80000)
  to   space 16384K, 0% used [0x00000000ea580000,0x00000000ea580000,0x00000000eb580000)
 ParOldGen       total 147456K, used 47547K [0x00000000a0000000, 0x00000000a9000000, 0x00000000e0000000)
  object space 147456K, 32% used [0x00000000a0000000,0x00000000a2e6ee48,0x00000000a9000000)
 Metaspace       used 74635K, capacity 77384K, committed 77568K, reserved 1116160K
  class space    used 9996K, capacity 10679K, committed 10752K, reserved 1048576K
Event: 85.842 GC heap after
Heap after GC invocations=21 (full 3):
 PSYoungGen      total 156160K, used 16367K [0x00000000e0000000, 0x00000000ed000000, 0x0000000100000000)
  eden space 139776K, 0% used [0x00000000e0000000,0x00000000e0000000,0x00000000e8880000)
  from space 16384K, 99% used [0x00000000ea580000,0x00000000eb57bdf8,0x00000000eb580000)
  to   space 29696K, 0% used [0x00000000e8880000,0x00000000e8880000,0x00000000ea580000)
 ParOldGen       total 147456K, used 77605K [0x00000000a0000000, 0x00000000a9000000, 0x00000000e0000000)
  object space 147456K, 52% used [0x00000000a0000000,0x00000000a4bc97f0,0x00000000a9000000)
 Metaspace       used 74635K, capacity 77384K, committed 77568K, reserved 1116160K
  class space    used 9996K, capacity 10679K, committed 10752K, reserved 1048576K
}
Event: 86.615 GC heap before
{Heap before GC invocations=22 (full 3):
 PSYoungGen      total 156160K, used 156143K [0x00000000e0000000, 0x00000000ed000000, 0x0000000100000000)
  eden space 139776K, 100% used [0x00000000e0000000,0x00000000e8880000,0x00000000e8880000)
  from space 16384K, 99% used [0x00000000ea580000,0x00000000eb57bdf8,0x00000000eb580000)
  to   space 29696K, 0% used [0x00000000e8880000,0x00000000e8880000,0x00000000ea580000)
 ParOldGen       total 147456K, used 77605K [0x00000000a0000000, 0x00000000a9000000, 0x00000000e0000000)
  object space 147456K, 52% used [0x00000000a0000000,0x00000000a4bc97f0,0x00000000a9000000)
 Metaspace       used 74845K, capacity 77648K, committed 77824K, reserved 1116160K
  class space    used 10000K, capacity 10687K, committed 10752K, reserved 1048576K
Event: 86.665 GC heap after
Heap after GC invocations=22 (full 3):
 PSYoungGen      total 169472K, used 29686K [0x00000000e0000000, 0x00000000efb00000, 0x0000000100000000)
  eden space 139776K, 0% used [0x00000000e0000000,0x00000000e0000000,0x00000000e8880000)
  from space 29696K, 99% used [0x00000000e8880000,0x00000000ea57d8f0,0x00000000ea580000)
  to   space 40448K, 0% used [0x00000000ed380000,0x00000000ed380000,0x00000000efb00000)
 ParOldGen       total 147456K, used 93270K [0x00000000a0000000, 0x00000000a9000000, 0x00000000e0000000)
  object space 147456K, 63% used [0x00000000a0000000,0x00000000a5b15a60,0x00000000a9000000)
 Metaspace       used 74845K, capacity 77648K, committed 77824K, reserved 1116160K
  class space    used 10000K, capacity 10687K, committed 10752K, reserved 1048576K
}
Event: 88.261 GC heap before
{Heap before GC invocations=23 (full 3):
 PSYoungGen      total 169472K, used 169462K [0x00000000e0000000, 0x00000000efb00000, 0x0000000100000000)
  eden space 139776K, 100% used [0x00000000e0000000,0x00000000e8880000,0x00000000e8880000)
  from space 29696K, 99% used [0x00000000e8880000,0x00000000ea57d8f0,0x00000000ea580000)
  to   space 40448K, 0% used [0x00000000ed380000,0x00000000ed380000,0x00000000efb00000)
 ParOldGen       total 147456K, used 93270K [0x00000000a0000000, 0x00000000a9000000, 0x00000000e0000000)
  object space 147456K, 63% used [0x00000000a0000000,0x00000000a5b15a60,0x00000000a9000000)
 Metaspace       used 74934K, capacity 77774K, committed 77824K, reserved 1116160K
  class space    used 10008K, capacity 10724K, committed 10752K, reserved 1048576K
Event: 88.385 GC heap after
Heap after GC invocations=23 (full 3):
 PSYoungGen      total 210944K, used 36954K [0x00000000e0000000, 0x00000000f0b80000, 0x0000000100000000)
  eden space 170496K, 0% used [0x00000000e0000000,0x00000000e0000000,0x00000000ea680000)
  from space 40448K, 91% used [0x00000000ed380000,0x00000000ef796a58,0x00000000efb00000)
  to   space 46080K, 0% used [0x00000000ea680000,0x00000000ea680000,0x00000000ed380000)
 ParOldGen       total 147456K, used 115435K [0x00000000a0000000, 0x00000000a9000000, 0x00000000e0000000)
  object space 147456K, 78% used [0x00000000a0000000,0x00000000a70bace0,0x00000000a9000000)
 Metaspace       used 74934K, capacity 77774K, committed 77824K, reserved 1116160K
  class space    used 10008K, capacity 10724K, committed 10752K, reserved 1048576K
}
Event: 95.458 GC heap before
{Heap before GC invocations=24 (full 3):
 PSYoungGen      total 210944K, used 207450K [0x00000000e0000000, 0x00000000f0b80000, 0x0000000100000000)
  eden space 170496K, 100% used [0x00000000e0000000,0x00000000ea680000,0x00000000ea680000)
  from space 40448K, 91% used [0x00000000ed380000,0x00000000ef796a58,0x00000000efb00000)
  to   space 46080K, 0% used [0x00000000ea680000,0x00000000ea680000,0x00000000ed380000)
 ParOldGen       total 147456K, used 115435K [0x00000000a0000000, 0x00000000a9000000, 0x00000000e0000000)
  object space 147456K, 78% used [0x00000000a0000000,0x00000000a70bace0,0x00000000a9000000)
 Metaspace       used 75687K, capacity 78760K, committed 78976K, reserved 1118208K
  class space    used 10113K, capacity 10853K, committed 10880K, reserved 1048576K
Event: 95.556 GC heap after
Heap after GC invocations=24 (full 3):
 PSYoungGen      total 216576K, used 27604K [0x00000000e0000000, 0x00000000f3180000, 0x0000000100000000)
  eden space 170496K, 0% used [0x00000000e0000000,0x00000000e0000000,0x00000000ea680000)
  from space 46080K, 59% used [0x00000000ea680000,0x00000000ec175098,0x00000000ed380000)
  to   space 46592K, 0% used [0x00000000f0400000,0x00000000f0400000,0x00000000f3180000)
 ParOldGen       total 147968K, used 147599K [0x00000000a0000000, 0x00000000a9080000, 0x00000000e0000000)
  object space 147968K, 99% used [0x00000000a0000000,0x00000000a9023d40,0x00000000a9080000)
 Metaspace       used 75687K, capacity 78760K, committed 78976K, reserved 1118208K
  class space    used 10113K, capacity 10853K, committed 10880K, reserved 1048576K
}
Event: 95.608 GC heap before
{Heap before GC invocations=25 (full 4):
 PSYoungGen      total 216576K, used 27604K [0x00000000e0000000, 0x00000000f3180000, 0x0000000100000000)
  eden space 170496K, 0% used [0x00000000e0000000,0x00000000e0000000,0x00000000ea680000)
  from space 46080K, 59% used [0x00000000ea680000,0x00000000ec175098,0x00000000ed380000)
  to   space 46592K, 0% used [0x00000000f0400000,0x00000000f0400000,0x00000000f3180000)
 ParOldGen       total 147968K, used 147599K [0x00000000a0000000, 0x00000000a9080000, 0x00000000e0000000)
  object space 147968K, 99% used [0x00000000a0000000,0x00000000a9023d40,0x00000000a9080000)
 Metaspace       used 75687K, capacity 78760K, committed 78976K, reserved 1118208K
  class space    used 10113K, capacity 10853K, committed 10880K, reserved 1048576K

